2024-03-04 08:25:03,803 - INFO - 邮箱为 yuchenzhou2001@163.com 登录成功
2024-03-04 08:53:38,875 - INFO - 邮箱为 yuchenzhou2001@163.com 图片识别
2024-03-04 08:59:20,654 - INFO - 邮箱为 yuchenzhou2001@163.com 图片识别
2024-03-04 11:04:54,379 - INFO - 邮箱为 yuchenzhou2001@163.com 图片识别
2024-03-04 15:20:12,189 - INFO - 邮箱为 yuchenzhou2001@163.com 登录成功
2024-03-05 05:54:26,713 - INFO - 邮箱为 yuchenzhou2001@163.com 登录成功
2024-03-06 10:49:46,324 - INFO - 邮箱为 yuchenzhou2001@163.com 海洋语言模型
2024-03-06 11:00:46,742 - INFO - 邮箱为 yuchenzhou2001@163.com 海洋语言模型
2024-03-06 11:27:40,589 - INFO - 邮箱为 yuchenzhou2001@163.com 海洋语言模型
2024-03-06 11:27:51,834 - INFO - 邮箱为 yuchenzhou2001@163.com 海洋语言模型
2024-03-06 11:32:32,675 - INFO - 邮箱为 yuchenzhou2001@163.com 海洋语言模型
2024-03-06 11:32:35,236 - INFO - 邮箱为 yuchenzhou2001@163.com 海洋语言模型
2024-03-06 11:34:25,468 - INFO - 邮箱为 yuchenzhou2001@163.com 海洋语言模型
2024-03-06 11:48:26,323 - INFO - 邮箱为 yuchenzhou2001@163.com 海洋语言模型
2024-03-06 11:49:34,400 - INFO - 邮箱为 yuchenzhou2001@163.com 海洋语言模型
2024-03-06 11:51:34,694 - INFO - 邮箱为 yuchenzhou2001@163.com 海洋语言模型
2024-03-06 11:52:04,633 - INFO - 邮箱为 yuchenzhou2001@163.com 海洋语言模型
2024-03-06 11:54:55,081 - INFO - 邮箱为 yuchenzhou2001@163.com 海洋语言模型
2024-03-06 11:54:57,086 - INFO - 邮箱为 yuchenzhou2001@163.com 海洋语言模型
2024-03-06 11:56:01,388 - INFO - 邮箱为 yuchenzhou2001@163.com 海洋语言模型
2024-03-06 11:57:33,779 - INFO - 邮箱为 yuchenzhou2001@163.com 海洋语言模型
2024-03-06 11:58:47,962 - INFO - 邮箱为 yuchenzhou2001@163.com 海洋语言模型
2024-03-06 11:59:39,576 - INFO - 邮箱为 yuchenzhou2001@163.com 海洋语言模型
2024-03-06 12:03:27,530 - INFO - 邮箱为 yuchenzhou2001@163.com 海洋语言模型
2024-03-06 12:06:08,892 - INFO - 邮箱为 yuchenzhou2001@163.com 海洋语言模型
2024-03-06 12:07:02,585 - INFO - 邮箱为 yuchenzhou2001@163.com 海洋语言模型
2024-03-06 12:07:02,765 - INFO - 邮箱为 yuchenzhou2001@163.com 海洋语言模型
2024-03-06 13:31:06,652 - INFO - 邮箱为 yuchenzhou2001@163.com 海洋语言模型
2024-03-06 13:31:48,967 - INFO - 邮箱为 yuchenzhou2001@163.com 海洋语言模型
2024-03-06 13:38:42,566 - INFO - 邮箱为 yuchenzhou2001@163.com 海洋语言模型
2024-03-06 13:39:20,834 - INFO - 邮箱为 yuchenzhou2001@163.com 海洋语言模型
2024-03-06 13:40:41,150 - INFO - 邮箱为 yuchenzhou2001@163.com 登录成功
2024-03-06 13:40:55,321 - INFO - 邮箱为 yuchenzhou2001@163.com 海洋语言模型
2024-03-06 13:43:03,140 - INFO - 邮箱为 yuchenzhou2001@163.com 登录成功
2024-03-06 13:43:09,600 - INFO - 邮箱为 yuchenzhou2001@163.com 海洋语言模型
2024-03-06 13:50:32,409 - INFO - 邮箱为 yuchenzhou2001@163.com 海洋语言模型
2024-03-06 13:51:58,372 - INFO - 邮箱为 yuchenzhou2001@163.com 海洋语言模型
2024-03-06 13:53:36,745 - INFO - 邮箱为 yuchenzhou2001@163.com 海洋语言模型
2024-03-06 13:56:15,761 - INFO - 邮箱为 yuchenzhou2001@163.com 海洋语言模型
2024-03-06 13:59:40,409 - INFO - 邮箱为 yuchenzhou2001@163.com 海洋语言模型
2024-03-06 14:03:39,360 - INFO - 邮箱为 yuchenzhou2001@163.com 海洋语言模型
2024-03-06 14:06:36,558 - INFO - 邮箱为 yuchenzhou2001@163.com 海洋语言模型
2024-03-06 14:07:03,168 - INFO - 邮箱为 yuchenzhou2001@163.com 海洋语言模型
2024-03-06 14:07:54,969 - INFO - 邮箱为 yuchenzhou2001@163.com 海洋语言模型
2024-03-06 14:09:36,586 - INFO - 邮箱为 yuchenzhou2001@163.com 海洋语言模型
2024-03-06 14:10:06,983 - INFO - 邮箱为 yuchenzhou2001@163.com 海洋语言模型
2024-03-06 14:14:40,727 - INFO - 邮箱为 yuchenzhou2001@163.com 海洋语言模型
2024-03-06 14:15:49,209 - INFO - 邮箱为 yuchenzhou2001@163.com 海洋语言模型
2024-03-06 14:16:31,926 - INFO - 邮箱为 yuchenzhou2001@163.com 海洋语言模型
2024-03-06 14:16:53,789 - INFO - 邮箱为 yuchenzhou2001@163.com 海洋语言模型
2024-03-06 14:17:46,167 - INFO - 邮箱为 yuchenzhou2001@163.com 海洋语言模型
2024-03-06 14:19:38,340 - INFO - 邮箱为 yuchenzhou2001@163.com 海洋语言模型
2024-03-06 14:22:13,930 - INFO - 邮箱为 yuchenzhou2001@163.com 海洋语言模型
2024-03-06 14:23:01,398 - INFO - 邮箱为 yuchenzhou2001@163.com 海洋语言模型
2024-03-06 14:25:18,675 - INFO - 邮箱为 yuchenzhou2001@163.com 海洋语言模型
2024-03-06 14:27:52,679 - INFO - 邮箱为 yuchenzhou2001@163.com 海洋语言模型
2024-03-06 14:28:24,387 - INFO - 邮箱为 yuchenzhou2001@163.com 海洋语言模型
2024-03-06 14:31:24,671 - INFO - 邮箱为 yuchenzhou2001@163.com 海洋语言模型
2024-03-06 14:32:58,960 - INFO - 邮箱为 yuchenzhou2001@163.com 海洋语言模型
2024-03-06 14:33:08,931 - INFO - 邮箱为 yuchenzhou2001@163.com 海洋语言模型
2024-03-06 14:39:44,293 - INFO - 邮箱为 yuchenzhou2001@163.com 海洋语言模型
2024-03-06 14:40:10,507 - INFO - 邮箱为 yuchenzhou2001@163.com 海洋语言模型
2024-03-06 14:42:05,946 - INFO - 邮箱为 yuchenzhou2001@163.com 海洋语言模型
2024-03-06 14:43:58,421 - INFO - 邮箱为 yuchenzhou2001@163.com 海洋语言模型
2024-03-07 01:49:04,281 - INFO - 邮箱为 yuchenzhou2001@163.com 海洋语言模型
2024-03-07 05:02:04,943 - INFO - 邮箱为 yuchenzhou2001@163.com 海洋语言模型
2024-03-07 06:33:16,102 - INFO - 邮箱为 yuchenzhou2001@163.com 海洋语言模型
2024-03-07 06:35:31,965 - INFO - 邮箱为 yuchenzhou2001@163.com 海洋资源管理-海洋图像管理
2024-03-07 06:40:22,308 - INFO - 邮箱为 yuchenzhou2001@163.com 海洋语言模型
2024-03-07 07:37:21,239 - INFO - 邮箱为 yuchenzhou2001@163.com 海洋语言模型
2024-03-07 12:41:00,694 - INFO - 邮箱为 yuchenzhou2001@163.com 海洋语言模型
2024-03-08 01:07:14,902 - INFO - 邮箱为 yuchenzhou2001@163.com 海洋语言模型
2024-03-08 01:07:18,546 - INFO - 邮箱为 yuchenzhou2001@163.com 海洋语言模型
2024-03-08 05:03:13,692 - INFO - 邮箱为 yuchenzhou2001@163.com 海洋语言模型
2024-03-08 06:08:29,894 - INFO - 邮箱为 yuchenzhou2001@163.com 海洋语言模型
2024-03-08 08:44:02,644 - INFO - 邮箱为 yuchenzhou2001@163.com 海洋资源管理-海洋图像管理
2024-03-08 09:02:00,160 - INFO - 邮箱为 yuchenzhou2001@163.com 海洋资源管理-海洋图像管理
2024-03-08 09:04:54,683 - INFO - 邮箱为 yuchenzhou2001@163.com 海洋语言模型
2024-03-10 02:27:48,643 - INFO - 邮箱为 yuchenzhou2001@163.com 海洋语言模型
2024-03-12 03:46:24,390 - INFO - 邮箱为 yuchenzhou2001@163.com 海洋语言模型
2024-03-20 05:20:33,581 - INFO - 邮箱为 yuchenzhou2001@163.com 海洋资源管理-模型管理
2024-03-20 05:44:40,860 - INFO - 邮箱为 yuchenzhou2001@163.com 海洋资源管理-模型管理
2024-03-20 05:44:46,950 - INFO - 邮箱为 yuchenzhou2001@163.com 海洋资源管理-海洋图像管理
2024-03-20 05:47:33,822 - INFO - 邮箱为 yuchenzhou2001@163.com 海洋资源管理-海洋图像管理
2024-03-20 05:47:41,262 - INFO - 邮箱为 yuchenzhou2001@163.com 海洋资源管理-模型管理
2024-03-20 05:48:34,210 - INFO - 邮箱为 yuchenzhou2001@163.com 海洋资源管理-模型管理
2024-03-20 05:48:40,102 - INFO - 邮箱为 yuchenzhou2001@163.com 海洋资源管理-模型管理
2024-03-20 05:49:00,429 - INFO - 邮箱为 yuchenzhou2001@163.com 海洋资源管理-模型管理
2024-03-20 06:19:43,104 - INFO - 邮箱为 yuchenzhou2001@163.com 海洋资源管理-海洋图像管理
2024-03-20 06:20:01,144 - INFO - 邮箱为 yuchenzhou2001@163.com 海洋资源管理-海洋图像管理
2024-03-20 06:22:21,773 - INFO - 邮箱为 yuchenzhou2001@163.com 海洋资源管理-海洋图像管理
2024-03-20 06:22:27,530 - INFO - 邮箱为 yuchenzhou2001@163.com 海洋资源管理-海洋图像管理
2024-03-20 06:23:28,745 - INFO - 邮箱为 yuchenzhou2001@163.com 海洋资源管理-海洋图像管理
2024-03-20 06:23:29,118 - INFO - 邮箱为 yuchenzhou2001@163.com 海洋资源管理-海洋图像管理
2024-03-20 06:24:02,546 - INFO - 邮箱为 yuchenzhou2001@163.com 海洋资源管理-海洋图像管理
2024-03-20 06:25:28,233 - INFO - 邮箱为 yuchenzhou2001@163.com 海洋资源管理-海洋图像管理
2024-03-20 06:25:55,964 - INFO - 邮箱为 yuchenzhou2001@163.com 海洋资源管理-海洋图像管理
2024-03-20 06:25:56,257 - INFO - 邮箱为 yuchenzhou2001@163.com 海洋资源管理-海洋图像管理
2024-03-20 06:25:56,490 - INFO - 邮箱为 yuchenzhou2001@163.com 海洋资源管理-海洋图像管理
2024-03-20 06:26:02,926 - INFO - 邮箱为 yuchenzhou2001@163.com 海洋资源管理-海洋图像管理
2024-03-20 06:26:05,842 - INFO - 邮箱为 yuchenzhou2001@163.com 海洋资源管理-海洋图像管理
2024-03-20 06:26:07,363 - INFO - 邮箱为 yuchenzhou2001@163.com 海洋资源管理-海洋图像管理
2024-03-20 06:26:08,072 - INFO - 邮箱为 yuchenzhou2001@163.com 海洋资源管理-海洋图像管理
2024-03-31 13:32:17,012 - INFO - 邮箱为 yuchenzhou2001@163.com 登录成功
2024-03-31 13:32:42,368 - INFO - 邮箱为 yuchenzhou2001@163.com 登录成功
2024-03-31 13:35:19,410 - INFO - 邮箱为 yuchenzhou2001@163.com 登录成功
2024-03-31 13:35:42,607 - INFO - 邮箱为 yuchenzhou2001@163.com 登录成功
2024-03-31 13:36:25,743 - INFO - 邮箱为 yuchenzhou2001@163.com 登录成功
2024-03-31 13:36:52,994 - INFO - 邮箱为 yuchenzhou2001@163.com 登录成功
2024-03-31 13:38:19,565 - INFO - 邮箱为 yuchenzhou2001@163.com 登录成功
2024-03-31 13:38:32,765 - INFO - 邮箱为 yuchenzhou2001@163.com 登录成功
2024-03-31 13:40:34,491 - INFO - 邮箱为 yuchenzhou2001@163.com 登录成功
2024-03-31 13:45:31,517 - INFO - 邮箱为 yuchenzhou2001@163.com 登录成功
2024-03-31 13:50:57,157 - INFO - 邮箱为 yuchenzhou2001@163.com 登录成功
